2016-09-18 22:13:22,486 [Worker-2] INFO  o.e.m.c.i.l.LifecycleMappingFactory - Using org.maven.ide.eclipse.wtp.WarLifecycleMapping lifecycle mapping for MavenProject: br.com:pmwork:0.0.1-SNAPSHOT @ C:\projetos\pmwork\pmwork\pom.xml.
2016-09-18 22:13:26,335 [Worker-2] WARN  o.e.m.c.i.embedder.EclipseLogger - Using platform encoding (Cp1252 actually) to copy filtered resources, i.e. build is platform dependent!
2016-09-18 22:13:26,345 [Worker-2] INFO  o.e.m.c.i.embedder.EclipseLogger - skip non existing resourceDirectory C:\projetos\pmwork\pmwork\src\main\resources
2016-09-18 22:13:26,351 [Worker-2] WARN  o.e.m.c.i.embedder.EclipseLogger - Using platform encoding (Cp1252 actually) to copy filtered resources, i.e. build is platform dependent!
2016-09-18 22:13:26,357 [Worker-2] INFO  o.e.m.c.i.embedder.EclipseLogger - skip non existing resourceDirectory C:\projetos\pmwork\pmwork\src\test\resources
2016-09-18 22:13:26,361 [Worker-2] INFO  o.e.m.w.i.f.ResourceFilteringBuildParticipant - Changed resources require a complete clean of filtered resources of pmwork
2016-09-18 22:13:26,362 [Worker-2] INFO  o.e.m.w.i.f.ResourceFilteringBuildParticipant - Executing resource filtering for pmwork
2016-09-18 22:13:26,370 [Worker-2] WARN  o.e.m.c.i.embedder.EclipseLogger - The POM for org.apache.maven.plugins:maven-eclipse-plugin:jar:2.9 is missing, no dependency information available
2016-09-18 22:13:26,380 [Worker-2] WARN  o.e.m.c.i.embedder.EclipseLogger - Failed to retrieve plugin descriptor for org.apache.maven.plugins:maven-eclipse-plugin:2.9: Plugin org.apache.maven.plugins:maven-eclipse-plugin:2.9 or one of its dependencies could not be resolved: Cannot access central (https://repo.maven.apache.org/maven2) in offline mode and the artifact org.apache.maven.plugins:maven-eclipse-plugin:jar:2.9 has not been downloaded from it before.
2016-09-18 22:13:26,389 [Worker-2] WARN  o.e.m.c.i.embedder.EclipseLogger - The POM for org.mortbay.jetty:jetty-maven-plugin:jar:8.1.16.v20140903 is missing, no dependency information available
2016-09-18 22:13:26,399 [Worker-2] WARN  o.e.m.c.i.embedder.EclipseLogger - Failed to retrieve plugin descriptor for org.mortbay.jetty:jetty-maven-plugin:8.1.16.v20140903: Plugin org.mortbay.jetty:jetty-maven-plugin:8.1.16.v20140903 or one of its dependencies could not be resolved: Cannot access central (https://repo.maven.apache.org/maven2) in offline mode and the artifact org.mortbay.jetty:jetty-maven-plugin:jar:8.1.16.v20140903 has not been downloaded from it before.
2016-09-18 22:13:26,410 [Worker-2] WARN  o.e.m.c.i.embedder.EclipseLogger - The POM for org.apache.maven.plugins:maven-clean-plugin:jar:2.5 is missing, no dependency information available
2016-09-18 22:13:26,424 [Worker-2] WARN  o.e.m.c.i.embedder.EclipseLogger - The POM for org.apache.maven.plugins:maven-eclipse-plugin:jar:2.9 is missing, no dependency information available
2016-09-18 22:13:26,481 [Worker-2] WARN  o.e.m.c.i.embedder.EclipseLogger - Failed to retrieve plugin descriptor for org.apache.maven.plugins:maven-eclipse-plugin:2.9: Plugin org.apache.maven.plugins:maven-eclipse-plugin:2.9 or one of its dependencies could not be resolved: Cannot access central (https://repo.maven.apache.org/maven2) in offline mode and the artifact org.apache.maven.plugins:maven-eclipse-plugin:jar:2.9 has not been downloaded from it before.
2016-09-18 22:13:26,493 [Worker-2] WARN  o.e.m.c.i.embedder.EclipseLogger - The POM for org.mortbay.jetty:jetty-maven-plugin:jar:8.1.16.v20140903 is missing, no dependency information available
2016-09-18 22:13:26,503 [Worker-2] WARN  o.e.m.c.i.embedder.EclipseLogger - Failed to retrieve plugin descriptor for org.mortbay.jetty:jetty-maven-plugin:8.1.16.v20140903: Plugin org.mortbay.jetty:jetty-maven-plugin:8.1.16.v20140903 or one of its dependencies could not be resolved: Cannot access central (https://repo.maven.apache.org/maven2) in offline mode and the artifact org.mortbay.jetty:jetty-maven-plugin:jar:8.1.16.v20140903 has not been downloaded from it before.
2016-09-18 22:13:26,523 [Worker-2] WARN  o.e.m.c.i.embedder.EclipseLogger - Using platform encoding (Cp1252 actually) to copy filtered resources, i.e. build is platform dependent!
2016-09-18 22:23:29,474 [Worker-21] INFO  o.e.m.c.i.p.ProjectConfigurationManager - Update started
2016-09-18 22:23:29,973 [Worker-21] INFO  o.e.m.c.i.l.LifecycleMappingFactory - Using org.maven.ide.eclipse.wtp.WarLifecycleMapping lifecycle mapping for MavenProject: br.com:pmwork:0.0.1-SNAPSHOT @ C:\projetos\pmwork\pmwork\pom.xml.
2016-09-18 22:23:31,861 [Worker-21] INFO  o.e.m.j.i.AbstractJavaProjectConfigurator - Adding source folder /pmwork/src/main/java
2016-09-18 22:23:31,867 [Worker-21] INFO  o.e.m.j.i.AbstractJavaProjectConfigurator - Adding source folder /pmwork/src/test/java
2016-09-18 22:23:33,358 [Worker-21] INFO  o.e.m.w.i.f.ResourceFilteringBuildParticipant - Cleaning filtered folder for pmwork
2016-09-18 22:23:33,383 [Worker-21] INFO  o.e.m.c.i.p.ProjectConfigurationManager - Update completed: 3 sec
2016-09-18 22:23:34,549 [Worker-22] WARN  o.e.m.c.i.embedder.EclipseLogger - Using platform encoding (Cp1252 actually) to copy filtered resources, i.e. build is platform dependent!
2016-09-18 22:23:34,555 [Worker-22] INFO  o.e.m.c.i.embedder.EclipseLogger - skip non existing resourceDirectory C:\projetos\pmwork\pmwork\src\main\resources
2016-09-18 22:23:34,561 [Worker-22] WARN  o.e.m.c.i.embedder.EclipseLogger - Using platform encoding (Cp1252 actually) to copy filtered resources, i.e. build is platform dependent!
2016-09-18 22:23:34,571 [Worker-22] INFO  o.e.m.c.i.embedder.EclipseLogger - skip non existing resourceDirectory C:\projetos\pmwork\pmwork\src\test\resources
2016-09-18 22:23:34,571 [Worker-22] INFO  o.e.m.w.i.f.ResourceFilteringBuildParticipant - Changed resources require a complete clean of filtered resources of pmwork
2016-09-18 22:23:34,577 [Worker-22] INFO  o.e.m.w.i.f.ResourceFilteringBuildParticipant - Executing resource filtering for pmwork
2016-09-18 22:23:34,584 [Worker-22] WARN  o.e.m.c.i.embedder.EclipseLogger - The POM for org.apache.maven.plugins:maven-eclipse-plugin:jar:2.9 is missing, no dependency information available
2016-09-18 22:23:34,592 [Worker-22] WARN  o.e.m.c.i.embedder.EclipseLogger - Failed to retrieve plugin descriptor for org.apache.maven.plugins:maven-eclipse-plugin:2.9: Plugin org.apache.maven.plugins:maven-eclipse-plugin:2.9 or one of its dependencies could not be resolved: Cannot access central (https://repo.maven.apache.org/maven2) in offline mode and the artifact org.apache.maven.plugins:maven-eclipse-plugin:jar:2.9 has not been downloaded from it before.
2016-09-18 22:23:34,599 [Worker-22] WARN  o.e.m.c.i.embedder.EclipseLogger - The POM for org.mortbay.jetty:jetty-maven-plugin:jar:8.1.16.v20140903 is missing, no dependency information available
2016-09-18 22:23:34,610 [Worker-22] WARN  o.e.m.c.i.embedder.EclipseLogger - Failed to retrieve plugin descriptor for org.mortbay.jetty:jetty-maven-plugin:8.1.16.v20140903: Plugin org.mortbay.jetty:jetty-maven-plugin:8.1.16.v20140903 or one of its dependencies could not be resolved: Cannot access central (https://repo.maven.apache.org/maven2) in offline mode and the artifact org.mortbay.jetty:jetty-maven-plugin:jar:8.1.16.v20140903 has not been downloaded from it before.
2016-09-18 22:23:34,618 [Worker-22] WARN  o.e.m.c.i.embedder.EclipseLogger - The POM for org.apache.maven.plugins:maven-eclipse-plugin:jar:2.9 is missing, no dependency information available
2016-09-18 22:23:34,625 [Worker-22] WARN  o.e.m.c.i.embedder.EclipseLogger - Failed to retrieve plugin descriptor for org.apache.maven.plugins:maven-eclipse-plugin:2.9: Plugin org.apache.maven.plugins:maven-eclipse-plugin:2.9 or one of its dependencies could not be resolved: Cannot access central (https://repo.maven.apache.org/maven2) in offline mode and the artifact org.apache.maven.plugins:maven-eclipse-plugin:jar:2.9 has not been downloaded from it before.
2016-09-18 22:23:34,632 [Worker-22] WARN  o.e.m.c.i.embedder.EclipseLogger - The POM for org.mortbay.jetty:jetty-maven-plugin:jar:8.1.16.v20140903 is missing, no dependency information available
2016-09-18 22:23:34,636 [Worker-22] WARN  o.e.m.c.i.embedder.EclipseLogger - Failed to retrieve plugin descriptor for org.mortbay.jetty:jetty-maven-plugin:8.1.16.v20140903: Plugin org.mortbay.jetty:jetty-maven-plugin:8.1.16.v20140903 or one of its dependencies could not be resolved: Cannot access central (https://repo.maven.apache.org/maven2) in offline mode and the artifact org.mortbay.jetty:jetty-maven-plugin:jar:8.1.16.v20140903 has not been downloaded from it before.
2016-09-18 22:23:34,646 [Worker-22] WARN  o.e.m.c.i.embedder.EclipseLogger - Using platform encoding (Cp1252 actually) to copy filtered resources, i.e. build is platform dependent!
